C51 COMPILER V9.60.0.0   LCD1602                                                           03/23/2021 08:36:00 PAGE 1   


C51 COMPILER V9.60.0.0, COMPILATION OF MODULE LCD1602
OBJECT MODULE PLACED IN ..\output\lcd1602.obj
COMPILER INVOKED BY: D:\app\keilC51\C51\BIN\C51.EXE ..\source_files\lcd1602.c OPTIMIZE(8,SPEED) BROWSE DEBUG OBJECTEXTEN
                    -D PRINT(.\Listings\lcd1602.lst) TABS(2) OBJECT(..\output\lcd1602.obj)

line level    source

   1          #include "config.h"
   2          #include "main.h"
   3          #include "lcd1602.h"
   4          #include "app.h"
   5          #include "key.h"
   6          
   7          
   8          
   9          /**
  10           * @brief 判断液晶繁忙
  11           * 
  12           * @param   无
  13           * @return  无 
  14           */
  15          void Read_Busy()
  16          {
  17   1        uint8 busy;
  18   1        LCD1602_DB = 0xff;//复位数据总线
  19   1        LCD1602_RS = 0;   //拉低RS
  20   1        LCD1602_RW = 1;   //拉高RW读
  21   1        do
  22   1        {
  23   2          LCD1602_EN = 1;//使能EN
  24   2          busy = LCD1602_DB;//读回数据
  25   2          LCD1602_EN = 0;  //拉低使能以便于下一次产生上升沿
  26   2        }while(busy & 0x80); //判断状态字BIT7位是否为1，为1则表示忙，程序等待
  27   1      }
  28          
  29          
  30          
  31          /**
  32           * @brief 写命令
  33           * 
  34           * @param   cmd
  35           * @return  无 
  36           */
  37          void LCD1602_Write_Cmd(uint8 cmd)
  38          {
  39   1        Read_Busy();   //判断忙，忙则等待
  40   1        LCD1602_RS = 0;  //选择为写命令
  41   1        LCD1602_RW = 0; //模式为写
  42   1        LCD1602_DB = cmd;//写入命令
  43   1        LCD1602_EN = 1;  //拉高使能端 数据被传输到LCD1602内
  44   1        LCD1602_EN = 0;  //拉低使能以便于下一次产生上升沿
  45   1      }
  46          
  47          
  48          /**
  49           * @brief 写数据
  50           * 
  51           * @param   dat 
  52           * @return  无 
  53           */
  54          void LCD1602_Write_Dat(uint8 dat)
C51 COMPILER V9.60.0.0   LCD1602                                                           03/23/2021 08:36:00 PAGE 2   

  55          {
  56   1        Read_Busy();  //判断忙，忙则等待
  57   1        LCD1602_RS = 1; //选择为写数据
  58   1        LCD1602_RW = 0; //模式为写
  59   1        LCD1602_DB = dat; //写入8位数据
  60   1        LCD1602_EN = 1;   //拉高使能端 数据被传输到LCD1602内
  61   1        LCD1602_EN = 0;   //拉低使能以便于下一次产生上升沿
  62   1      }
  63          
  64          
  65          /**
  66           * @brief 清屏
  67           * 
  68           * @param   无 
  69           * @return  无 
  70           */
  71          void LCD1602_Clear_Screen()
  72          {
  73   1        LCD1602_Write_Cmd(0x01);
  74   1      }
  75          
  76          
  77          /**
  78           * @brief 打开光标闪烁效果
  79           * 
  80           * @param  无
  81           * @return 无 
  82           */
  83          void LCD1602_Open_Cursor()
  84          {
  85   1        LCD1602_Write_Cmd(0x0F);
  86   1      }
  87          
  88          
  89          
  90          /**
  91           * @brief 关闭光标显示
  92           * 
  93           * @param   无
  94           * @return  无 
  95           */
  96          void LCD1602_Close_Cursor()
  97          {
  98   1        LCD1602_Write_Cmd(0x0C);
  99   1      }
 100          
 101          
 102          
 103          /**
 104           * @brief Get the year object
 105           * 
 106           * @param x
 107           * @param y
 108           * @return  无
 109           */
 110          void LCD1602_Set_Cursor(uint8 x, uint8 y)
 111          {
 112   1        if(y) x |= 0x40;
 113   1        x |= 0x80;
 114   1        LCD1602_Write_Cmd(x);
 115   1      }
 116          
C51 COMPILER V9.60.0.0   LCD1602                                                           03/23/2021 08:36:00 PAGE 3   

 117          
 118          /**
 119           * @brief 显示一个字符
 120           * 
 121           * @param   x   要显示的横坐标取值0-40
 122           * @param   y   要显示的行坐标取值0-1（0为第一行,1为第二行）
 123           * @param   dat 需要显示的数据以ASCLL形式显示
 124           * @return  无 
 125           */
 126          void LCD1602_Dis_OneChar(uint8 x, uint8 y, uint8 dat)
 127          {
 128   1        LCD1602_Set_Cursor(x, y);//设置RAM起始位置
 129   1        LCD1602_Write_Dat(dat);  //写入一个字节的数据 
 130   1      }
 131          
 132          
 133          
 134          
 135          /**
 136           * @brief 显示字符串
 137           * 
 138           * @param   x
 139           * @param   y
 140           * @return  无
 141           */
 142          void LCD1602_Dis_Str(uint8 x, uint8 y, uint8 *str)
 143          {
 144   1        LCD1602_Set_Cursor(x, y);//设置RAM起始位置
 145   1        while(*str != '\0')      //写入字符串数据
 146   1        {
 147   2          LCD1602_Write_Dat(*str++);
 148   2        }
 149   1      }
 150          
 151          
 152          /**
 153           * @brief 初始化LCD
 154           * 
 155           * @param   无
 156           * @return  无
 157           */
 158          void Init_LCD1602()
 159          {
 160   1        LCD1602_Write_Cmd(0x38); // 设置16*2显示，5*7点阵，8位数据接口
 161   1        LCD1602_Write_Cmd(0x0c); //开显示,关闭光标
 162   1        LCD1602_Write_Cmd(0x06); //读写一字节后地址指针加1
 163   1        LCD1602_Write_Cmd(0x01); // 清屏
 164   1      }


MODULE INFORMATION:   STATIC OVERLAYABLE
   CODE SIZE        =    147    ----
   CONSTANT SIZE    =   ----    ----
   XDATA SIZE       =   ----    ----
   PDATA SIZE       =   ----    ----
   DATA SIZE        =   ----       3
   IDATA SIZE       =   ----    ----
   BIT SIZE         =   ----    ----
END OF MODULE INFORMATION.


C51 COMPILATION COMPLETE.  0 WARNING(S),  0 ERROR(S)
