C51 COMPILER V9.60.0.0   MAIN                                                              03/23/2021 18:39:28 PAGE 1   


C51 COMPILER V9.60.0.0, COMPILATION OF MODULE MAIN
OBJECT MODULE PLACED IN ..\output\main.obj
COMPILER INVOKED BY: D:\app\keilC51\C51\BIN\C51.EXE ..\source_files\main.c COMPACT OPTIMIZE(8,SPEED) BROWSE DEBUG OBJECT
                    -EXTEND PRINT(.\Listings\main.lst) TABS(2) OBJECT(..\output\main.obj)

line level    source

   1          /**
   2           * @project         LCD1602 caculator
   3           * @author          BriMonzZY (1610937885@qq.com)
   4           * @brief           caculator based on 51
   5           * @version         0.1
   6           * @date            2021-03-22
   7           * @paltform        STC89C52 & STC89C52RC
   8           * @copyright       Copyright (c) 2021
   9           * 
  10           *
  11           *
  12           * 矩阵按键功能：
  13           *
  14           * 7      8     9     ÷
  15           * 4      5     6     x
  16           * 1      2     3     -
  17           * 退格   0     =     +
  18           *
  19           *
  20           *
  21           *
  22           *
  23           * 键值对应：
  24           * 
  25           * 0  1   2   3 
  26           * 4  5   6   7
  27           * 8  9   10  11
  28           * 12 13  14  15
  29           *
  30           */
  31          #define __MAIN_C
  32          #include "config.h"
  33          #include "main.h"
  34          #include "lcd1602.h"
  35          #include "app.h"
  36          #include "key.h"
  37          
  38          
  39          
  40          
  41          void timer0Init();
  42          bit keyjudge = 0;
  43          uint8 cursor1;
  44          uint8 cursor2; // LCD 第一行位置指针， 第二行位置指针
  45          float num_in_buff = 0.1;
  46          char str[40];  //存储输入的中缀表达式
  47          
  48          
  49          uchar backup[4][4] = { //初始化按键值备份
  50                {1, 1, 1, 1}, {1, 1, 1, 1}, {1, 1, 1, 1}, {1, 1, 1, 1}
  51          };
  52          
  53          
  54          //#define INITSIZE  20
C51 COMPILER V9.60.0.0   MAIN                                                              03/23/2021 18:39:28 PAGE 2   

  55          //#define INCREMENT 10
  56          //#define MAXBUFFER 20
  57          //#define LEN  sizeof(Elemtype)
  58          /*栈的动态分配存储结构*/ 
  59          //typedef char Elemtype;
  60          //struct SqStack{
  61          //  Elemtype *base;
  62          //  Elemtype *top;
  63          //  int StackSize;
  64          //};
  65          
  66          
  67          
  68          
  69          /**
  70           * @brief   主函数
  71           * @param   无
  72           * @return  无
  73           */
  74          void main()
  75          {
  76   1        timer0Init(); // 初始化定时器0中断
  77   1        Init_LCD1602();
  78   1        LCD1602_Clear_Screen();
  79   1        LCD1602_Dis_Str(0, 0, "Welcome");
  80   1        while(1) {
  81   2          keydriver(); // 循环检测按键
  82   2          
  83   2        }
  84   1      }
  85          
  86          /**
  87           * @brief 定时器0中断服务函数
  88           * 
  89           * @param   无 
  90           * @return  无 
  91           */
  92          void timer0() interrupt 1
  93          {
  94   1        TH0 = 0xfc; //重新加载初值1ms
  95   1        TL0 = 0x66;
  96   1        keyscan();
  97   1      }
  98          
  99          /**
 100           * @brief 定时器中断0初始化函数
 101           * 
 102           * @param   无
 103           * @return  无 
 104           */
 105          void timer0Init()
 106          {
 107   1        EA = 1;
 108   1        TMOD = 0x00; //设置 T0 为模式 1
 109   1        TH0 = 0xfc; //为 T0 赋初值 0xFC67，定时 1ms
 110   1        TL0 = 0x66;
 111   1        ET0 = 1; //使能 T0 中断
 112   1        TR0 = 1; //启动 T0
 113   1      }


MODULE INFORMATION:   STATIC OVERLAYABLE
C51 COMPILER V9.60.0.0   MAIN                                                              03/23/2021 18:39:28 PAGE 3   

   CODE SIZE        =    107    ----
   CONSTANT SIZE    =      8    ----
   XDATA SIZE       =   ----    ----
   PDATA SIZE       =     62    ----
   DATA SIZE        =   ----    ----
   IDATA SIZE       =   ----    ----
   BIT SIZE         =      1    ----
END OF MODULE INFORMATION.


C51 COMPILATION COMPLETE.  0 WARNING(S),  0 ERROR(S)
